<?xml version="1.0" encoding="UTF-8"?>
<!-- Generated by org.testng.reporters.JUnitReportReporter -->
<testsuite skipped="0" hostname="P11-AS-6TMVH32" name="com.hcm.qa.base.Selenium" tests="1" failures="0" timestamp="27 Mar 2019 06:24:03 GMT" time="27.171" errors="0">
  <testcase name="selenium" time="27.171" classname="com.hcm.qa.base.Selenium"/>
</testsuite> <!-- com.hcm.qa.base.Selenium -->
