<?xml version="1.0" encoding="UTF-8"?>
<!-- Generated by org.testng.reporters.JUnitReportReporter -->
<testsuite skipped="0" hostname="P11-AS-6TMVH32" name="com.hcm.qa.base.Oracle" tests="1" failures="0" timestamp="30 Mar 2019 10:30:37 GMT" time="87.190" errors="0">
  <testcase name="oracle" time="87.190" classname="com.hcm.qa.base.Oracle"/>
</testsuite> <!-- com.hcm.qa.base.Oracle -->
