<?xml version="1.0" encoding="UTF-8"?>
<!-- Generated by org.testng.reporters.JUnitReportReporter -->
<testsuite skipped="0" hostname="P11-AS-6TMVH32" name="com.makemytrip.qa.testcases.MakeMyTripTest" tests="3" failures="0" timestamp="11 May 2019 09:17:00 GMT" time="83.517" errors="0">
  <testcase name="count_details" time="24.845" classname="com.makemytrip.qa.testcases.MakeMyTripTest"/>
  <testcase name="count_details_based_filter" time="20.204" classname="com.makemytrip.qa.testcases.MakeMyTripTest"/>
  <testcase name="fare_calculation" time="38.468" classname="com.makemytrip.qa.testcases.MakeMyTripTest"/>
</testsuite> <!-- com.makemytrip.qa.testcases.MakeMyTripTest -->
