<?xml version="1.0" encoding="UTF-8"?>
<!-- Generated by org.testng.reporters.JUnitReportReporter -->
<testsuite skipped="0" hostname="P11-AS-6TMVH32" name="com.hcm.qa.base.Tooltip" tests="1" failures="0" timestamp="25 Mar 2019 17:59:00 GMT" time="13.857" errors="0">
  <testcase name="initialisation" time="13.857" classname="com.hcm.qa.base.Tooltip"/>
</testsuite> <!-- com.hcm.qa.base.Tooltip -->
