<?xml version="1.0" encoding="UTF-8"?>
<!-- Generated by org.testng.reporters.JUnitReportReporter -->
<testsuite skipped="0" hostname="P11-AS-6TMVH32" name="com.hcm.qa.base.BaseClass" tests="1" failures="0" timestamp="03 Apr 2019 09:08:48 GMT" time="29.135" errors="0">
  <testcase name="initialisation" time="29.135" classname="com.hcm.qa.base.BaseClass"/>
</testsuite> <!-- com.hcm.qa.base.BaseClass -->
