<?xml version="1.0" encoding="UTF-8"?>
<!-- Generated by org.testng.reporters.JUnitReportReporter -->
<testsuite skipped="0" hostname="P11-AS-6TMVH32" name="com.zoopla.qa.testcases.PropertySearchTest" tests="2" failures="0" timestamp="08 Apr 2019 07:31:31 GMT" time="90.110" errors="0">
  <testcase name="property_count_test" time="28.615" classname="com.zoopla.qa.testcases.PropertySearchTest"/>
  <testcase name="property_click_verify" time="61.495" classname="com.zoopla.qa.testcases.PropertySearchTest"/>
</testsuite> <!-- com.zoopla.qa.testcases.PropertySearchTest -->
