<?xml version="1.0" encoding="UTF-8"?>
<!-- Generated by org.testng.reporters.JUnitReportReporter -->
<testsuite skipped="0" hostname="P11-AS-6TMVH32" name="com.hcm.qa.testcases.LoginPageTest" tests="2" failures="0" timestamp="27 Feb 2019 14:33:09 GMT" time="210.251" errors="0">
  <testcase name="LoginTest" time="118.428" classname="com.hcm.qa.testcases.LoginPageTest"/>
  <testcase name="IncorrectloginTest" time="91.823" classname="com.hcm.qa.testcases.LoginPageTest"/>
</testsuite> <!-- com.hcm.qa.testcases.LoginPageTest -->
