<?xml version="1.0" encoding="UTF-8"?>
<!-- Generated by org.testng.reporters.JUnitReportReporter -->
<testsuite skipped="1" hostname="P11-AS-6TMVH32" name="com.hcm.qa.testcases.SecurityConsoleTest" tests="1" failures="0" timestamp="01 Mar 2019 14:50:26 GMT" time="0.000" errors="0">
  <testcase name="emailcompare" time="0.000" classname="com.hcm.qa.testcases.SecurityConsoleTest">
    <skipped/>
  </testcase> <!-- emailcompare -->
</testsuite> <!-- com.hcm.qa.testcases.SecurityConsoleTest -->
