<?xml version="1.0" encoding="UTF-8"?>
<!-- Generated by org.testng.reporters.JUnitReportReporter -->
<testsuite skipped="0" hostname="P11-AS-6TMVH32" name="com.hcm.qa.base.amaz" tests="1" failures="0" timestamp="04 Apr 2019 06:57:10 GMT" time="66.341" errors="0">
  <testcase name="initialisation" time="66.341" classname="com.hcm.qa.base.amaz"/>
</testsuite> <!-- com.hcm.qa.base.amaz -->
