<?xml version="1.0" encoding="UTF-8"?>
<!-- Generated by org.testng.reporters.JUnitReportReporter -->
<testsuite hostname="DESKTOP-QESH9RJ" failures="0" tests="15" name="com.yahoo.qa.testcases.YahooSignUpPageTest" time="3.848" errors="1" timestamp="2022-11-24T20:19:40 IST" skipped="14">
  <testcase classname="com.yahoo.qa.testcases.YahooSignUpPageTest" name="setup" time="3.848">
    <error message="&#039;void org.openqa.selenium.support.ui.WebDriverWait.&lt;init&gt;(org.openqa.selenium.WebDriver, long)&#039;" type="java.lang.NoSuchMethodError">
      <![CDATA[java.lang.NoSuchMethodError: 'void org.openqa.selenium.support.ui.WebDriverWait.<init>(org.openqa.selenium.WebDriver, long)'
at com.yahoo.qa.pages.YahooSignUpPage.<init>(YahooSignUpPage.java:21)
at com.yahoo.qa.testcases.YahooSignUpPageTest.setup(YahooSignUpPageTest.java:26)
at java.base/jdk.internal.reflect.NativeMethodAccessorImpl.invoke0(Native Method)
at java.base/jdk.internal.reflect.NativeMethodAccessorImpl.invoke(NativeMethodAccessorImpl.java:77)
at java.base/jdk.internal.reflect.DelegatingMethodAccessorImpl.invoke(DelegatingMethodAccessorImpl.java:43)
at java.base/java.lang.reflect.Method.invoke(Method.java:568)
at org.testng.internal.MethodInvocationHelper.invokeMethod(MethodInvocationHelper.java:133)
at org.testng.internal.MethodInvocationHelper.invokeMethodConsideringTimeout(MethodInvocationHelper.java:62)
at org.testng.internal.ConfigInvoker.invokeConfigurationMethod(ConfigInvoker.java:385)
at org.testng.internal.ConfigInvoker.invokeConfigurations(ConfigInvoker.java:321)
at org.testng.internal.TestMethodWorker.invokeBeforeClassMethods(TestMethodWorker.java:176)
at org.testng.internal.TestMethodWorker.run(TestMethodWorker.java:122)
at java.base/java.util.ArrayList.forEach(ArrayList.java:1511)
at org.testng.TestRunner.privateRun(TestRunner.java:794)
at org.testng.TestRunner.run(TestRunner.java:596)
at org.testng.SuiteRunner.runTest(SuiteRunner.java:377)
at org.testng.SuiteRunner.runSequentially(SuiteRunner.java:371)
at org.testng.SuiteRunner.privateRun(SuiteRunner.java:332)
at org.testng.SuiteRunner.run(SuiteRunner.java:276)
at org.testng.SuiteRunnerWorker.runSuite(SuiteRunnerWorker.java:53)
at org.testng.SuiteRunnerWorker.run(SuiteRunnerWorker.java:96)
at org.testng.TestNG.runSuitesSequentially(TestNG.java:1212)
at org.testng.TestNG.runSuitesLocally(TestNG.java:1134)
at org.testng.TestNG.runSuites(TestNG.java:1063)
at org.testng.TestNG.run(TestNG.java:1031)
at org.testng.remote.AbstractRemoteTestNG.run(AbstractRemoteTestNG.java:115)
at org.testng.remote.RemoteTestNG.initAndRun(RemoteTestNG.java:251)
at org.testng.remote.RemoteTestNG.main(RemoteTestNG.java:77)
]]>
    </error>
  </testcase> <!-- setup -->
  <system-out/>
  <testcase classname="com.yahoo.qa.testcases.YahooSignUpPageTest" name="TC_YAH_001_mail_already_used" time="0.000">
    <skipped/>
  </testcase> <!-- TC_YAH_001_mail_already_used -->
  <system-out/>
  <testcase classname="com.yahoo.qa.testcases.YahooSignUpPageTest" name="TC_YAH_002_mail_strength" time="0.000">
    <skipped/>
  </testcase> <!-- TC_YAH_002_mail_strength -->
  <system-out/>
  <testcase classname="com.yahoo.qa.testcases.YahooSignUpPageTest" name="TC_YAH_003_mail_special_char" time="0.000">
    <skipped/>
  </testcase> <!-- TC_YAH_003_mail_special_char -->
  <system-out/>
  <testcase classname="com.yahoo.qa.testcases.YahooSignUpPageTest" name="TC_YAH_004_mail_digits_input" time="0.000">
    <skipped/>
  </testcase> <!-- TC_YAH_004_mail_digits_input -->
  <system-out/>
  <testcase classname="com.yahoo.qa.testcases.YahooSignUpPageTest" name="TC_YAH_005_password_strength" time="0.000">
    <skipped/>
  </testcase> <!-- TC_YAH_005_password_strength -->
  <system-out/>
  <testcase classname="com.yahoo.qa.testcases.YahooSignUpPageTest" name="TC_YAH_006_password_similar_name" time="0.000">
    <skipped/>
  </testcase> <!-- TC_YAH_006_password_similar_name -->
  <system-out/>
  <testcase classname="com.yahoo.qa.testcases.YahooSignUpPageTest" name="TC_YAH_007_mobile_invalid" time="0.000">
    <skipped/>
  </testcase> <!-- TC_YAH_007_mobile_invalid -->
  <system-out/>
  <testcase classname="com.yahoo.qa.testcases.YahooSignUpPageTest" name="TC_YAH_008_mobile_strength" time="0.000">
    <skipped/>
  </testcase> <!-- TC_YAH_008_mobile_strength -->
  <system-out/>
  <testcase classname="com.yahoo.qa.testcases.YahooSignUpPageTest" name="TC_YAH_009_bday_futuredate" time="0.000">
    <skipped/>
  </testcase> <!-- TC_YAH_009_bday_futuredate -->
  <system-out/>
  <testcase classname="com.yahoo.qa.testcases.YahooSignUpPageTest" name="TC_YAH_010_bday_alphanumeric" time="0.000">
    <skipped/>
  </testcase> <!-- TC_YAH_010_bday_alphanumeric -->
  <system-out/>
  <testcase classname="com.yahoo.qa.testcases.YahooSignUpPageTest" name="TC_YAH_011_mandatory_field_verify" time="0.000">
    <skipped/>
  </testcase> <!-- TC_YAH_011_mandatory_field_verify -->
  <system-out/>
  <testcase classname="com.yahoo.qa.testcases.YahooSignUpPageTest" name="TC_YAH_012_terms_link_verify" time="0.000">
    <skipped/>
  </testcase> <!-- TC_YAH_012_terms_link_verify -->
  <system-out/>
  <testcase classname="com.yahoo.qa.testcases.YahooSignUpPageTest" name="TC_YAH_013_privacy_link_verify" time="0.000">
    <skipped/>
  </testcase> <!-- TC_YAH_013_privacy_link_verify -->
  <system-out/>
  <testcase classname="com.yahoo.qa.testcases.YahooSignUpPageTest" name="TC_YAH_014_registration_upto_verificationpage_test" time="0.000">
    <skipped/>
  </testcase> <!-- TC_YAH_014_registration_upto_verificationpage_test -->
  <system-out/>
</testsuite> <!-- com.yahoo.qa.testcases.YahooSignUpPageTest -->
