<?xml version="1.0" encoding="UTF-8"?>
<!-- Generated by org.testng.reporters.JUnitReportReporter -->
<testsuite skipped="0" hostname="P11-AS-6TMVH32" name="com.yahoo.qa.testcases.YahooSignUpRegistrationTest" tests="1" failures="0" timestamp="13 Sep 2019 12:11:23 GMT" time="20.932" errors="0">
  <testcase name="registration_upto_verificationpage_test" time="20.932" classname="com.yahoo.qa.testcases.YahooSignUpRegistrationTest"/>
</testsuite> <!-- com.yahoo.qa.testcases.YahooSignUpRegistrationTest -->
