<?xml version="1.0" encoding="UTF-8"?>
<!-- Generated by org.testng.reporters.JUnitReportReporter -->
<testsuite skipped="0" hostname="P11-AS-6TMVH32" name="com.hcm.qa.testcases.CRLoginPageTest" tests="2" failures="0" timestamp="16 Mar 2019 17:15:47 GMT" time="53.642" errors="0">
  <testcase name="LoginTest" time="26.318" classname="com.hcm.qa.testcases.CRLoginPageTest"/>
  <testcase name="IncorrectloginTest" time="27.324" classname="com.hcm.qa.testcases.CRLoginPageTest"/>
</testsuite> <!-- com.hcm.qa.testcases.CRLoginPageTest -->
